0 info it worked if it ends with ok
1 verbose cli [ 'C:\\Program Files\\nodejs\\\\node.exe',
1 verbose cli   'C:\\Program Files\\nodejs\\node_modules\\npm\\bin\\npm-cli.js',
1 verbose cli   'install' ]
2 info using npm@1.4.3
3 info using node@v0.10.26
4 verbose node symlink C:\Program Files\nodejs\\node.exe
5 warn package.json homecontrol@0.0.1 No repository field.
6 verbose readDependencies using package.json deps
7 verbose install where, deps [ 'D:\\Konstruktion\\homecontrol3',
7 verbose install   [ 'connect',
7 verbose install     'express',
7 verbose install     'socket.io',
7 verbose install     'restify',
7 verbose install     'architect',
7 verbose install     'async',
7 verbose install     'look',
7 verbose install     'xtend',
7 verbose install     'ip',
7 verbose install     'mongoose',
7 verbose install     'rpi-gpio',
7 verbose install     'pi-spi',
7 verbose install     'moment' ] ]
8 info preinstall homecontrol@0.0.1
9 verbose readDependencies using package.json deps
10 verbose already installed skipping connect@2.13.0 D:\Konstruktion\homecontrol3
11 verbose already installed skipping express@3.4.8 D:\Konstruktion\homecontrol3
12 verbose already installed skipping socket.io@0.8.5 D:\Konstruktion\homecontrol3
13 verbose already installed skipping restify@2.6.1 D:\Konstruktion\homecontrol3
14 verbose already installed skipping architect@0.1.10 D:\Konstruktion\homecontrol3
15 verbose already installed skipping async@0.2.9 D:\Konstruktion\homecontrol3
16 verbose already installed skipping look@0.1.3 D:\Konstruktion\homecontrol3
17 verbose already installed skipping xtend@2.1.2 D:\Konstruktion\homecontrol3
18 verbose already installed skipping ip@0.3.0 D:\Konstruktion\homecontrol3
19 verbose already installed skipping mongoose@3.8.8 D:\Konstruktion\homecontrol3
20 verbose already installed skipping rpi-gpio@0.0.4 D:\Konstruktion\homecontrol3
21 verbose cache add [ 'pi-spi@0.8.7', null ]
22 verbose cache add name=undefined spec="pi-spi@0.8.7" args=["pi-spi@0.8.7",null]
23 verbose parsed url { protocol: null,
23 verbose parsed url   slashes: null,
23 verbose parsed url   auth: null,
23 verbose parsed url   host: null,
23 verbose parsed url   port: null,
23 verbose parsed url   hostname: null,
23 verbose parsed url   hash: null,
23 verbose parsed url   search: null,
23 verbose parsed url   query: null,
23 verbose parsed url   pathname: 'pi-spi@0.8.7',
23 verbose parsed url   path: 'pi-spi@0.8.7',
23 verbose parsed url   href: 'pi-spi@0.8.7' }
24 verbose cache add name="pi-spi" spec="0.8.7" args=["pi-spi","0.8.7"]
25 verbose parsed url { protocol: null,
25 verbose parsed url   slashes: null,
25 verbose parsed url   auth: null,
25 verbose parsed url   host: null,
25 verbose parsed url   port: null,
25 verbose parsed url   hostname: null,
25 verbose parsed url   hash: null,
25 verbose parsed url   search: null,
25 verbose parsed url   query: null,
25 verbose parsed url   pathname: '0.8.7',
25 verbose parsed url   path: '0.8.7',
25 verbose parsed url   href: '0.8.7' }
26 verbose addNamed [ 'pi-spi', '0.8.7' ]
27 verbose addNamed [ '0.8.7', '0.8.7' ]
28 verbose already installed skipping moment@2.5.1 D:\Konstruktion\homecontrol3
29 silly lockFile 42a65bf2-pi-spi-0-8-7 pi-spi@0.8.7
30 verbose lock pi-spi@0.8.7 C:\Users\Fabian\AppData\Roaming\npm-cache\42a65bf2-pi-spi-0-8-7.lock
31 verbose url raw pi-spi/0.8.7
32 verbose url resolving [ 'https://registry.npmjs.org/', './pi-spi/0.8.7' ]
33 verbose url resolved https://registry.npmjs.org/pi-spi/0.8.7
34 info trying registry request attempt 1 at 16:26:14
35 verbose etag "8O987GGAWPPYQVFDPKJ3MOTWB"
36 http GET https://registry.npmjs.org/pi-spi/0.8.7
37 http 304 https://registry.npmjs.org/pi-spi/0.8.7
38 silly registry.get cb [ 304,
38 silly registry.get   { date: 'Fri, 25 Apr 2014 14:26:15 GMT',
38 silly registry.get     server: 'Apache',
38 silly registry.get     via: '1.1 varnish',
38 silly registry.get     'last-modified': 'Fri, 25 Apr 2014 14:26:15 GMT',
38 silly registry.get     'cache-control': 'max-age=1',
38 silly registry.get     etag: '"8O987GGAWPPYQVFDPKJ3MOTWB"',
38 silly registry.get     'x-served-by': 'cache-fra1228-FRA',
38 silly registry.get     'x-cache': 'MISS',
38 silly registry.get     'x-cache-hits': '0',
38 silly registry.get     'x-timer': 'S1398435975.472234964,VS0,VE194',
38 silly registry.get     vary: 'Accept',
38 silly registry.get     'content-length': '0',
38 silly registry.get     'keep-alive': 'timeout=10, max=50',
38 silly registry.get     connection: 'Keep-Alive' } ]
39 verbose etag pi-spi/0.8.7 from cache
40 silly lockFile 42a65bf2-pi-spi-0-8-7 pi-spi@0.8.7
41 silly lockFile 42a65bf2-pi-spi-0-8-7 pi-spi@0.8.7
42 silly resolved [ { name: 'pi-spi',
42 silly resolved     version: '0.8.7',
42 silly resolved     description: 'Simple async SPI library for Raspberry Pi',
42 silly resolved     main: 'index.js',
42 silly resolved     scripts: { test: 'node test', install: 'node-gyp rebuild' },
42 silly resolved     repository: { type: 'git', url: 'git://github.com/natevw/pi-spi.git' },
42 silly resolved     keywords: [ 'raspi', 'spi' ],
42 silly resolved     author: { name: 'Nathan Vander Wilt' },
42 silly resolved     license: 'BSD-2-Clause',
42 silly resolved     bugs: { url: 'https://github.com/natevw/pi-spi/issues' },
42 silly resolved     gypfile: true,
42 silly resolved     readme: '# pi-spi\n\nSimple asyncronous node.js SPI library for Raspberry Pi (and likely other embedded Linux platforms that provide /dev/spidevN.N).\n\n\n## Example\n\n`npm install pi-pi`\n\n\n```\nvar SPI = require(\'pi-spi\');\n\nvar spi = SPI.initialize("/dev/spidev0.0"),\n    test = Buffer("Hello, World!");\n\n// reads and writes simultaneously\nspi.transfer(test, test.length, function (e,d) {\n    if (e) console.error(e);\n    else console.log("Got \\""+d.toString()+"\\" back.");\n    \n    if (test.toString() === d.toString()) {\n        console.log(msg);\n    } else {\n        // NOTE: this will likely happen unless MISO is jumpered to MOSI\n        console.warn(msg);\n        process.exit(-2);\n    }\n});\n```\n\nProbably requires running node under `sudo` for SPI permissions, unless you\'ve used [Wiring Pi\'s gpio utility](https://projects.drogon.net/raspberry-pi/wiringpi/the-gpio-utility/) or otherwise adjusted device permissions.\n\n## API\n\n### spi = SPI.initialize(device)\n\n`device` will usually be "/dev/spidev0.0" or "/dev/spidev0.0". You will first need to enable the `spi-bcm2708` kernel module [e.g. these instructions](http://scruss.com/blog/2013/01/19/the-quite-rubbish-clock/#spi) or similar for your platform. As mentioned above, by default this device requires root permissions and so you\'ll either need to change this or run your script with according privilege.\n\n### spi.clockSpeed([speed])\n\nSets (or gets, if no argument provided) the clock speed in Hz. Defaults to `4e6`, i.e. 4MHz. The Pi only supports [powers of 2 speeds](https://projects.drogon.net/understanding-spi-on-the-raspberry-pi/) and faster speeds might get derated a bit.\n\n### spi.dataMode([mode])\n\nSets (or gets, if no argument provided) the "data mode" (clock phase and polarity) to e.g. `SPI.mode.CPHA | SPI.mode.CPOL`. Default is no flags.\n\n### spi.bitOrder([order])\n\nSets (or gets, if no argument provided) the bit ordering. Default is `SPI.order.MSB_FIRST` or you can set `SPI.order.LSB_FIRST`.\n\nNote that this is **bit** ordering, not *bytes* — byte ordering is up to your application.\n\n### spi.transfer(outbuffer, incount, cb)\n\nTransfers data for the longer of `outbuffer.length` or `incount` bytes. If successfully, the second parameter to your callback will be a buffer of length `incount`.\n\n### spi.read(incount, cb)\n\nCollects incount bytes while writing as many `\\0` out.\n\n### spi.write(outbuffer, cb)\n\nWrites outbuffer, ignoring response bytes.\n\nNote that if there was an error opening the device, the `transfer`/`read`/`write` calls will fail each time called. I may [revise the initialize method](https://github.com/natevw/pi-spi/issues/2#issuecomment-27588982) so to allow you to handle the error better.\n\n\n\n## Compatibility Note\n\nThis library is subject to change as it is intended for compatibility with `$somethingElse`.\n\n`TBD: more details when public`\n\n\n## License\n\nCopyright © 2013, Nathan Vander Wilt.\nAll rights reserved.\n\nRedistribution and use in source and binary forms, with or without\nmodification, are permitted provided that the following conditions are met: \n\n1. Redistributions of source code must retain the above copyright notice, this\n   list of conditions and the following disclaimer. \n2. Redistributions in binary form must reproduce the above copyright notice,\n   this list of conditions and the following disclaimer in the documentation\n   and/or other materials provided with the distribution. \n\nTHIS SOFTWARE IS PROVIDED BY THE COPYRIGHT HOLDERS AND CONTRIBUTORS "AS IS" AND\nANY EXPRESS OR IMPLIED WARRANTIES, INCLUDING, BUT NOT LIMITED TO, THE IMPLIED\nWARRANTIES OF MERCHANTABILITY AND FITNESS FOR A PARTICULAR PURPOSE ARE\nDISCLAIMED. IN NO EVENT SHALL THE COPYRIGHT OWNER OR CONTRIBUTORS BE LIABLE FOR\nANY DIRECT, INDIRECT, INCIDENTAL, SPECIAL, EXEMPLARY, OR CONSEQUENTIAL DAMAGES\n(INCLUDING, BUT NOT LIMITED TO, PROCUREMENT OF SUBSTITUTE GOODS OR SERVICES;\nLOSS OF USE, DATA, OR PROFITS; OR BUSINESS INTERRUPTION) HOWEVER CAUSED AND\nON ANY THEORY OF LIABILITY, WHETHER IN CONTRACT, STRICT LIABILITY, OR TORT\n(INCLUDING NEGLIGENCE OR OTHERWISE) ARISING IN ANY WAY OUT OF THE USE OF THIS\nSOFTWARE, EVEN IF ADVISED OF THE POSSIBILITY OF SUCH DAMAGE.\n\nThe views and conclusions contained in the software and documentation are those\nof the authors and should not be interpreted as representing official policies, \neither expressed or implied, of the FreeBSD Project.',
42 silly resolved     readmeFilename: 'README.md',
42 silly resolved     homepage: 'https://github.com/natevw/pi-spi',
42 silly resolved     _id: 'pi-spi@0.8.7',
42 silly resolved     _from: 'pi-spi@0.8.7' } ]
43 info install pi-spi@0.8.7 into D:\Konstruktion\homecontrol3
44 info installOne pi-spi@0.8.7
45 info D:\Konstruktion\homecontrol3\node_modules\pi-spi unbuild
46 verbose tar unpack C:\Users\Fabian\AppData\Roaming\npm-cache\pi-spi\0.8.7\package.tgz
47 silly lockFile 8ca226cc-homecontrol3-node-modules-pi-spi tar://D:\Konstruktion\homecontrol3\node_modules\pi-spi
48 verbose lock tar://D:\Konstruktion\homecontrol3\node_modules\pi-spi C:\Users\Fabian\AppData\Roaming\npm-cache\8ca226cc-homecontrol3-node-modules-pi-spi.lock
49 silly lockFile 4b140a93-m-cache-pi-spi-0-8-7-package-tgz tar://C:\Users\Fabian\AppData\Roaming\npm-cache\pi-spi\0.8.7\package.tgz
50 verbose lock tar://C:\Users\Fabian\AppData\Roaming\npm-cache\pi-spi\0.8.7\package.tgz C:\Users\Fabian\AppData\Roaming\npm-cache\4b140a93-m-cache-pi-spi-0-8-7-package-tgz.lock
51 silly gunzTarPerm modes [ '755', '644' ]
52 silly gunzTarPerm extractEntry package.json
53 silly gunzTarPerm modified mode [ 'package.json', 438, 420 ]
54 silly gunzTarPerm extractEntry .npmignore
55 silly gunzTarPerm modified mode [ '.npmignore', 438, 420 ]
56 silly gunzTarPerm extractEntry README.md
57 silly gunzTarPerm modified mode [ 'README.md', 438, 420 ]
58 silly gunzTarPerm extractEntry index.js
59 silly gunzTarPerm modified mode [ 'index.js', 438, 420 ]
60 silly gunzTarPerm extractEntry test.js
61 silly gunzTarPerm modified mode [ 'test.js', 438, 420 ]
62 silly gunzTarPerm extractEntry binding.gyp
63 silly gunzTarPerm modified mode [ 'binding.gyp', 438, 420 ]
64 silly gunzTarPerm extractEntry spi_binding.cc
65 silly gunzTarPerm modified mode [ 'spi_binding.cc', 438, 420 ]
66 silly lockFile 8ca226cc-homecontrol3-node-modules-pi-spi tar://D:\Konstruktion\homecontrol3\node_modules\pi-spi
67 silly lockFile 8ca226cc-homecontrol3-node-modules-pi-spi tar://D:\Konstruktion\homecontrol3\node_modules\pi-spi
68 silly lockFile 4b140a93-m-cache-pi-spi-0-8-7-package-tgz tar://C:\Users\Fabian\AppData\Roaming\npm-cache\pi-spi\0.8.7\package.tgz
69 silly lockFile 4b140a93-m-cache-pi-spi-0-8-7-package-tgz tar://C:\Users\Fabian\AppData\Roaming\npm-cache\pi-spi\0.8.7\package.tgz
70 info preinstall pi-spi@0.8.7
71 verbose readDependencies using package.json deps
72 verbose readDependencies using package.json deps
73 silly resolved []
74 verbose about to build D:\Konstruktion\homecontrol3\node_modules\pi-spi
75 info build D:\Konstruktion\homecontrol3\node_modules\pi-spi
76 verbose linkStuff [ false,
76 verbose linkStuff   false,
76 verbose linkStuff   false,
76 verbose linkStuff   'D:\\Konstruktion\\homecontrol3\\node_modules' ]
77 info linkStuff pi-spi@0.8.7
78 verbose linkBins pi-spi@0.8.7
79 verbose linkMans pi-spi@0.8.7
80 verbose rebuildBundles pi-spi@0.8.7
81 info install pi-spi@0.8.7
82 verbose unsafe-perm in lifecycle true
83 info pi-spi@0.8.7 Failed to exec install script
84 info D:\Konstruktion\homecontrol3\node_modules\pi-spi unbuild
85 info preuninstall pi-spi@0.8.7
86 info uninstall pi-spi@0.8.7
87 verbose true,D:\Konstruktion\homecontrol3\node_modules,D:\Konstruktion\homecontrol3\node_modules unbuild pi-spi@0.8.7
88 info postuninstall pi-spi@0.8.7
89 error pi-spi@0.8.7 install: `node-gyp rebuild`
89 error Exit status 1
90 error Failed at the pi-spi@0.8.7 install script.
90 error This is most likely a problem with the pi-spi package,
90 error not with npm itself.
90 error Tell the author that this fails on your system:
90 error     node-gyp rebuild
90 error You can get their info via:
90 error     npm owner ls pi-spi
90 error There is likely additional logging output above.
91 error System Windows_NT 6.2.9200
92 error command "C:\\Program Files\\nodejs\\\\node.exe" "C:\\Program Files\\nodejs\\node_modules\\npm\\bin\\npm-cli.js" "install"
93 error cwd D:\Konstruktion\homecontrol3
94 error node -v v0.10.26
95 error npm -v 1.4.3
96 error code ELIFECYCLE
97 verbose exit [ 1, true ]
